
> restaurant-menu-builder@0.1.0 dev:api
> npm run build -w @menu/shared && npm run dev -w @menu/api


> @menu/shared@0.1.0 build
> tsc -p tsconfig.json


> @menu/api@0.1.0 dev
> tsx watch src/main.ts

[32m[Nest] 17788  - [39m٠٧‏/٠٧‏/٢٠٢٦، ١٢:٣٨:٠٨ ص [32m    LOG[39m [38;5;3m[NestFactory] [39m[32mStarting Nest application...[39m
[32m[Nest] 17788  - [39m٠٧‏/٠٧‏/٢٠٢٦، ١٢:٣٨:٠٨ ص [32m    LOG[39m [38;5;3m[InstanceLoader] [39m[32mPrismaModule dependencies initialized[39m[38;5;3m +27ms[39m
[32m[Nest] 17788  - [39m٠٧‏/٠٧‏/٢٠٢٦، ١٢:٣٨:٠٨ ص [32m    LOG[39m [38;5;3m[InstanceLoader] [39m[32mJwtModule dependencies initialized[39m[38;5;3m +4ms[39m
[32m[Nest] 17788  - [39m٠٧‏/٠٧‏/٢٠٢٦، ١٢:٣٨:٠٨ ص [32m    LOG[39m [38;5;3m[InstanceLoader] [39m[32mAppModule dependencies initialized[39m[38;5;3m +0ms[39m
[32m[Nest] 17788  - [39m٠٧‏/٠٧‏/٢٠٢٦، ١٢:٣٨:٠٨ ص [32m    LOG[39m [38;5;3m[InstanceLoader] [39m[32mFeatureFlagsModule dependencies initialized[39m[38;5;3m +0ms[39m
[32m[Nest] 17788  - [39m٠٧‏/٠٧‏/٢٠٢٦، ١٢:٣٨:٠٨ ص [32m    LOG[39m [38;5;3m[InstanceLoader] [39m[32mAnalyticsModule dependencies initialized[39m[38;5;3m +1ms[39m
[32m[Nest] 17788  - [39m٠٧‏/٠٧‏/٢٠٢٦، ١٢:٣٨:٠٨ ص [32m    LOG[39m [38;5;3m[InstanceLoader] [39m[32mConfigHostModule dependencies initialized[39m[38;5;3m +0ms[39m
[32m[Nest] 17788  - [39m٠٧‏/٠٧‏/٢٠٢٦، ١٢:٣٨:٠٨ ص [32m    LOG[39m [38;5;3m[InstanceLoader] [39m[32mConfigModule dependencies initialized[39m[38;5;3m +1ms[39m
[32m[Nest] 17788  - [39m٠٧‏/٠٧‏/٢٠٢٦، ١٢:٣٨:٠٨ ص [32m    LOG[39m [38;5;3m[InstanceLoader] [39m[32mAuthModule dependencies initialized[39m[38;5;3m +1ms[39m
[32m[Nest] 17788  - [39m٠٧‏/٠٧‏/٢٠٢٦، ١٢:٣٨:٠٨ ص [32m    LOG[39m [38;5;3m[InstanceLoader] [39m[32mPublicMenuModule dependencies initialized[39m[38;5;3m +0ms[39m
[32m[Nest] 17788  - [39m٠٧‏/٠٧‏/٢٠٢٦، ١٢:٣٨:٠٨ ص [32m    LOG[39m [38;5;3m[InstanceLoader] [39m[32mAdminModule dependencies initialized[39m[38;5;3m +0ms[39m
[32m[Nest] 17788  - [39m٠٧‏/٠٧‏/٢٠٢٦، ١٢:٣٨:٠٨ ص [32m    LOG[39m [38;5;3m[InstanceLoader] [39m[32mOrdersModule dependencies initialized[39m[38;5;3m +1ms[39m
[32m[Nest] 17788  - [39m٠٧‏/٠٧‏/٢٠٢٦، ١٢:٣٨:٠٨ ص [32m    LOG[39m [38;5;3m[InstanceLoader] [39m[32mSyncModule dependencies initialized[39m[38;5;3m +0ms[39m
[32m[Nest] 17788  - [39m٠٧‏/٠٧‏/٢٠٢٦، ١٢:٣٨:٠٨ ص [32m    LOG[39m [38;5;3m[InstanceLoader] [39m[32mMediaModule dependencies initialized[39m[38;5;3m +0ms[39m
[32m[Nest] 17788  - [39m٠٧‏/٠٧‏/٢٠٢٦، ١٢:٣٨:٠٨ ص [32m    LOG[39m [38;5;3m[InstanceLoader] [39m[32mBuilderModule dependencies initialized[39m[38;5;3m +0ms[39m
[32m[Nest] 17788  - [39m٠٧‏/٠٧‏/٢٠٢٦، ١٢:٣٨:٠٨ ص [32m    LOG[39m [38;5;3m[InstanceLoader] [39m[32mDashboardModule dependencies initialized[39m[38;5;3m +0ms[39m
[32m[Nest] 17788  - [39m٠٧‏/٠٧‏/٢٠٢٦، ١٢:٣٨:٠٨ ص [32m    LOG[39m [38;5;3m[InstanceLoader] [39m[32mProductsModule dependencies initialized[39m[38;5;3m +0ms[39m
[32m[Nest] 17788  - [39m٠٧‏/٠٧‏/٢٠٢٦، ١٢:٣٨:٠٨ ص [32m    LOG[39m [38;5;3m[InstanceLoader] [39m[32mQrModule dependencies initialized[39m[38;5;3m +0ms[39m
[32m[Nest] 17788  - [39m٠٧‏/٠٧‏/٢٠٢٦، ١٢:٣٨:٠٩ ص [32m    LOG[39m [38;5;3m[RoutesResolver] [39m[32mAppController {/}:[39m[38;5;3m +234ms[39m
[32m[Nest] 17788  - [39m٠٧‏/٠٧‏/٢٠٢٦، ١٢:٣٨:٠٩ ص [32m    LOG[39m [38;5;3m[RouterExplorer] [39m[32mMapped {/health, GET} route[39m[38;5;3m +4ms[39m
[32m[Nest] 17788  - [39m٠٧‏/٠٧‏/٢٠٢٦، ١٢:٣٨:٠٩ ص [32m    LOG[39m [38;5;3m[RoutesResolver] [39m[32mAuthController {/auth}:[39m[38;5;3m +1ms[39m
[32m[Nest] 17788  - [39m٠٧‏/٠٧‏/٢٠٢٦، ١٢:٣٨:٠٩ ص [32m    LOG[39m [38;5;3m[RouterExplorer] [39m[32mMapped {/auth/login, POST} route[39m[38;5;3m +0ms[39m
[32m[Nest] 17788  - [39m٠٧‏/٠٧‏/٢٠٢٦، ١٢:٣٨:٠٩ ص [32m    LOG[39m [38;5;3m[RoutesResolver] [39m[32mBuilderController {/dashboard/builder}:[39m[38;5;3m +1ms[39m
[32m[Nest] 17788  - [39m٠٧‏/٠٧‏/٢٠٢٦، ١٢:٣٨:٠٩ ص [32m    LOG[39m [38;5;3m[RouterExplorer] [39m[32mMapped {/dashboard/builder, GET} route[39m[38;5;3m +0ms[39m
[32m[Nest] 17788  - [39m٠٧‏/٠٧‏/٢٠٢٦، ١٢:٣٨:٠٩ ص [32m    LOG[39m [38;5;3m[RouterExplorer] [39m[32mMapped {/dashboard/builder/sections, POST} route[39m[38;5;3m +1ms[39m
[32m[Nest] 17788  - [39m٠٧‏/٠٧‏/٢٠٢٦، ١٢:٣٨:٠٩ ص [32m    LOG[39m [38;5;3m[RouterExplorer] [39m[32mMapped {/dashboard/builder/sections/reorder, PATCH} route[39m[38;5;3m +0ms[39m
[32m[Nest] 17788  - [39m٠٧‏/٠٧‏/٢٠٢٦، ١٢:٣٨:٠٩ ص [32m    LOG[39m [38;5;3m[RouterExplorer] [39m[32mMapped {/dashboard/builder/sections/:id, PATCH} route[39m[38;5;3m +0ms[39m
[32m[Nest] 17788  - [39m٠٧‏/٠٧‏/٢٠٢٦، ١٢:٣٨:٠٩ ص [32m    LOG[39m [38;5;3m[RouterExplorer] [39m[32mMapped {/dashboard/builder/sections/:id, DELETE} route[39m[38;5;3m +1ms[39m
[32m[Nest] 17788  - [39m٠٧‏/٠٧‏/٢٠٢٦، ١٢:٣٨:٠٩ ص [32m    LOG[39m [38;5;3m[RouterExplorer] [39m[32mMapped {/dashboard/builder/publish, POST} route[39m[38;5;3m +0ms[39m
[32m[Nest] 17788  - [39m٠٧‏/٠٧‏/٢٠٢٦، ١٢:٣٨:٠٩ ص [32m    LOG[39m [38;5;3m[RoutesResolver] [39m[32mAdminController {/admin}:[39m[38;5;3m +0ms[39m
[32m[Nest] 17788  - [39m٠٧‏/٠٧‏/٢٠٢٦، ١٢:٣٨:٠٩ ص [32m    LOG[39m [38;5;3m[RouterExplorer] [39m[32mMapped {/admin/overview, GET} route[39m[38;5;3m +0ms[39m
[32m[Nest] 17788  - [39m٠٧‏/٠٧‏/٢٠٢٦، ١٢:٣٨:٠٩ ص [32m    LOG[39m [38;5;3m[RouterExplorer] [39m[32mMapped {/admin/restaurants, GET} route[39m[38;5;3m +1ms[39m
[32m[Nest] 17788  - [39m٠٧‏/٠٧‏/٢٠٢٦، ١٢:٣٨:٠٩ ص [32m    LOG[39m [38;5;3m[RouterExplorer] [39m[32mMapped {/admin/restaurants, POST} route[39m[38;5;3m +0ms[39m
[32m[Nest] 17788  - [39m٠٧‏/٠٧‏/٢٠٢٦، ١٢:٣٨:٠٩ ص [32m    LOG[39m [38;5;3m[RouterExplorer] [39m[32mMapped {/admin/subscriptions, GET} route[39m[38;5;3m +0ms[39m
[32m[Nest] 17788  - [39m٠٧‏/٠٧‏/٢٠٢٦، ١٢:٣٨:٠٩ ص [32m    LOG[39m [38;5;3m[RoutesResolver] [39m[32mDashboardController {/dashboard}:[39m[38;5;3m +0ms[39m
[32m[Nest] 17788  - [39m٠٧‏/٠٧‏/٢٠٢٦، ١٢:٣٨:٠٩ ص [32m    LOG[39m [38;5;3m[RouterExplorer] [39m[32mMapped {/dashboard/restaurants/current, GET} route[39m[38;5;3m +1ms[39m
[32m[Nest] 17788  - [39m٠٧‏/٠٧‏/٢٠٢٦، ١٢:٣٨:٠٩ ص [32m    LOG[39m [38;5;3m[RouterExplorer] [39m[32mMapped {/dashboard/overview, GET} route[39m[38;5;3m +0ms[39m
[32m[Nest] 17788  - [39m٠٧‏/٠٧‏/٢٠٢٦، ١٢:٣٨:٠٩ ص [32m    LOG[39m [38;5;3m[RouterExplorer] [39m[32mMapped {/dashboard/branches, GET} route[39m[38;5;3m +0ms[39m
[32m[Nest] 17788  - [39m٠٧‏/٠٧‏/٢٠٢٦، ١٢:٣٨:٠٩ ص [32m    LOG[39m [38;5;3m[RouterExplorer] [39m[32mMapped {/dashboard/branches, POST} route[39m[38;5;3m +0ms[39m
[32m[Nest] 17788  - [39m٠٧‏/٠٧‏/٢٠٢٦، ١٢:٣٨:٠٩ ص [32m    LOG[39m [38;5;3m[RouterExplorer] [39m[32mMapped {/dashboard/branches/:id, PATCH} route[39m[38;5;3m +0ms[39m
[32m[Nest] 17788  - [39m٠٧‏/٠٧‏/٢٠٢٦، ١٢:٣٨:٠٩ ص [32m    LOG[39m [38;5;3m[RouterExplorer] [39m[32mMapped {/dashboard/branches/:id, DELETE} route[39m[38;5;3m +0ms[39m
[32m[Nest] 17788  - [39m٠٧‏/٠٧‏/٢٠٢٦، ١٢:٣٨:٠٩ ص [32m    LOG[39m [38;5;3m[RouterExplorer] [39m[32mMapped {/dashboard/categories, GET} route[39m[38;5;3m +1ms[39m
[32m[Nest] 17788  - [39m٠٧‏/٠٧‏/٢٠٢٦، ١٢:٣٨:٠٩ ص [32m    LOG[39m [38;5;3m[RouterExplorer] [39m[32mMapped {/dashboard/categories, POST} route[39m[38;5;3m +0ms[39m
[32m[Nest] 17788  - [39m٠٧‏/٠٧‏/٢٠٢٦، ١٢:٣٨:٠٩ ص [32m    LOG[39m [38;5;3m[RouterExplorer] [39m[32mMapped {/dashboard/categories/:id, PATCH} route[39m[38;5;3m +0ms[39m
[32m[Nest] 17788  - [39m٠٧‏/٠٧‏/٢٠٢٦، ١٢:٣٨:٠٩ ص [32m    LOG[39m [38;5;3m[RouterExplorer] [39m[32mMapped {/dashboard/categories/:id, DELETE} route[39m[38;5;3m +0ms[39m
[32m[Nest] 17788  - [39m٠٧‏/٠٧‏/٢٠٢٦، ١٢:٣٨:٠٩ ص [32m    LOG[39m [38;5;3m[RouterExplorer] [39m[32mMapped {/dashboard/theme, GET} route[39m[38;5;3m +0ms[39m
[32m[Nest] 17788  - [39m٠٧‏/٠٧‏/٢٠٢٦، ١٢:٣٨:٠٩ ص [32m    LOG[39m [38;5;3m[RouterExplorer] [39m[32mMapped {/dashboard/domains, GET} route[39m[38;5;3m +0ms[39m
[32m[Nest] 17788  - [39m٠٧‏/٠٧‏/٢٠٢٦، ١٢:٣٨:٠٩ ص [32m    LOG[39m [38;5;3m[RouterExplorer] [39m[32mMapped {/dashboard/domains, POST} route[39m[38;5;3m +1ms[39m
[32m[Nest] 17788  - [39m٠٧‏/٠٧‏/٢٠٢٦، ١٢:٣٨:٠٩ ص [32m    LOG[39m [38;5;3m[RouterExplorer] [39m[32mMapped {/dashboard/domains/:id/verify, POST} route[39m[38;5;3m +0ms[39m
[32m[Nest] 17788  - [39m٠٧‏/٠٧‏/٢٠٢٦، ١٢:٣٨:٠٩ ص [32m    LOG[39m [38;5;3m[RouterExplorer] [39m[32mMapped {/dashboard/domains/:id, DELETE} route[39m[38;5;3m +0ms[39m
[32m[Nest] 17788  - [39m٠٧‏/٠٧‏/٢٠٢٦، ١٢:٣٨:٠٩ ص [32m    LOG[39m [38;5;3m[RouterExplorer] [39m[32mMapped {/dashboard/theme, PATCH} route[39m[38;5;3m +0ms[39m
[32m[Nest] 17788  - [39m٠٧‏/٠٧‏/٢٠٢٦، ١٢:٣٨:٠٩ ص [32m    LOG[39m [38;5;3m[RouterExplorer] [39m[32mMapped {/dashboard/analytics, GET} route[39m[38;5;3m +0ms[39m
[32m[Nest] 17788  - [39m٠٧‏/٠٧‏/٢٠٢٦، ١٢:٣٨:٠٩ ص [32m    LOG[39m [38;5;3m[RoutesResolver] [39m[32mMediaController {/dashboard/media}:[39m[38;5;3m +0ms[39m
[32m[Nest] 17788  - [39m٠٧‏/٠٧‏/٢٠٢٦، ١٢:٣٨:٠٩ ص [32m    LOG[39m [38;5;3m[RouterExplorer] [39m[32mMapped {/dashboard/media, GET} route[39m[38;5;3m +1ms[39m
[32m[Nest] 17788  - [39m٠٧‏/٠٧‏/٢٠٢٦، ١٢:٣٨:٠٩ ص [32m    LOG[39m [38;5;3m[RouterExplorer] [39m[32mMapped {/dashboard/media/rules, GET} route[39m[38;5;3m +0ms[39m
[32m[Nest] 17788  - [39m٠٧‏/٠٧‏/٢٠٢٦، ١٢:٣٨:٠٩ ص [32m    LOG[39m [38;5;3m[RouterExplorer] [39m[32mMapped {/dashboard/media/rules, POST} route[39m[38;5;3m +0ms[39m
[32m[Nest] 17788  - [39m٠٧‏/٠٧‏/٢٠٢٦، ١٢:٣٨:٠٩ ص [32m    LOG[39m [38;5;3m[RouterExplorer] [39m[32mMapped {/dashboard/media, POST} route[39m[38;5;3m +0ms[39m
[32m[Nest] 17788  - [39m٠٧‏/٠٧‏/٢٠٢٦، ١٢:٣٨:٠٩ ص [32m    LOG[39m [38;5;3m[RouterExplorer] [39m[32mMapped {/dashboard/media/upload, POST} route[39m[38;5;3m +0ms[39m
[32m[Nest] 17788  - [39m٠٧‏/٠٧‏/٢٠٢٦، ١٢:٣٨:٠٩ ص [32m    LOG[39m [38;5;3m[RouterExplorer] [39m[32mMapped {/dashboard/media/products/:productId/images, POST} route[39m[38;5;3m +0ms[39m
[32m[Nest] 17788  - [39m٠٧‏/٠٧‏/٢٠٢٦، ١٢:٣٨:٠٩ ص [32m    LOG[39m [38;5;3m[RouterExplorer] [39m[32mMapped {/dashboard/media/products/:productId/3d, POST} route[39m[38;5;3m +1ms[39m
[32m[Nest] 17788  - [39m٠٧‏/٠٧‏/٢٠٢٦، ١٢:٣٨:٠٩ ص [32m    LOG[39m [38;5;3m[RouterExplorer] [39m[32mMapped {/dashboard/media/products/:productId/vr, POST} route[39m[38;5;3m +0ms[39m
[32m[Nest] 17788  - [39m٠٧‏/٠٧‏/٢٠٢٦، ١٢:٣٨:٠٩ ص [32m    LOG[39m [38;5;3m[RoutesResolver] [39m[32mProductsController {/dashboard/products}:[39m[38;5;3m +0ms[39m
[32m[Nest] 17788  - [39m٠٧‏/٠٧‏/٢٠٢٦، ١٢:٣٨:٠٩ ص [32m    LOG[39m [38;5;3m[RouterExplorer] [39m[32mMapped {/dashboard/products, GET} route[39m[38;5;3m +0ms[39m
[32m[Nest] 17788  - [39m٠٧‏/٠٧‏/٢٠٢٦، ١٢:٣٨:٠٩ ص [32m    LOG[39m [38;5;3m[RouterExplorer] [39m[32mMapped {/dashboard/products, POST} route[39m[38;5;3m +0ms[39m
[32m[Nest] 17788  - [39m٠٧‏/٠٧‏/٢٠٢٦، ١٢:٣٨:٠٩ ص [32m    LOG[39m [38;5;3m[RouterExplorer] [39m[32mMapped {/dashboard/products/:id, GET} route[39m[38;5;3m +0ms[39m
[32m[Nest] 17788  - [39m٠٧‏/٠٧‏/٢٠٢٦، ١٢:٣٨:٠٩ ص [32m    LOG[39m [38;5;3m[RouterExplorer] [39m[32mMapped {/dashboard/products/:id, PATCH} route[39m[38;5;3m +0ms[39m
[32m[Nest] 17788  - [39m٠٧‏/٠٧‏/٢٠٢٦، ١٢:٣٨:٠٩ ص [32m    LOG[39m [38;5;3m[RouterExplorer] [39m[32mMapped {/dashboard/products/:id/toggle-availability, PATCH} route[39m[38;5;3m +1ms[39m
[32m[Nest] 17788  - [39m٠٧‏/٠٧‏/٢٠٢٦، ١٢:٣٨:٠٩ ص [32m    LOG[39m [38;5;3m[RoutesResolver] [39m[32mPublicMenuController {/public/menus}:[39m[38;5;3m +0ms[39m
[32m[Nest] 17788  - [39m٠٧‏/٠٧‏/٢٠٢٦، ١٢:٣٨:٠٩ ص [32m    LOG[39m [38;5;3m[RouterExplorer] [39m[32mMapped {/public/menus/by-host/current, GET} route[39m[38;5;3m +0ms[39m
[32m[Nest] 17788  - [39m٠٧‏/٠٧‏/٢٠٢٦، ١٢:٣٨:٠٩ ص [32m    LOG[39m [38;5;3m[RouterExplorer] [39m[32mMapped {/public/menus/:restaurantSlug, GET} route[39m[38;5;3m +0ms[39m
[32m[Nest] 17788  - [39m٠٧‏/٠٧‏/٢٠٢٦، ١٢:٣٨:٠٩ ص [32m    LOG[39m [38;5;3m[RouterExplorer] [39m[32mMapped {/public/menus/:restaurantSlug/products, GET} route[39m[38;5;3m +0ms[39m
[32m[Nest] 17788  - [39m٠٧‏/٠٧‏/٢٠٢٦، ١٢:٣٨:٠٩ ص [32m    LOG[39m [38;5;3m[RouterExplorer] [39m[32mMapped {/public/menus/:restaurantSlug/theme, GET} route[39m[38;5;3m +0ms[39m
[32m[Nest] 17788  - [39m٠٧‏/٠٧‏/٢٠٢٦، ١٢:٣٨:٠٩ ص [32m    LOG[39m [38;5;3m[RouterExplorer] [39m[32mMapped {/public/menus/:restaurantSlug/track, POST} route[39m[38;5;3m +1ms[39m
[32m[Nest] 17788  - [39m٠٧‏/٠٧‏/٢٠٢٦، ١٢:٣٨:٠٩ ص [32m    LOG[39m [38;5;3m[RouterExplorer] [39m[32mMapped {/public/menus/:restaurantSlug/orders/whatsapp, POST} route[39m[38;5;3m +0ms[39m
[32m[Nest] 17788  - [39m٠٧‏/٠٧‏/٢٠٢٦، ١٢:٣٨:٠٩ ص [32m    LOG[39m [38;5;3m[RoutesResolver] [39m[32mQrController {/dashboard/qr}:[39m[38;5;3m +0ms[39m
[32m[Nest] 17788  - [39m٠٧‏/٠٧‏/٢٠٢٦، ١٢:٣٨:٠٩ ص [32m    LOG[39m [38;5;3m[RouterExplorer] [39m[32mMapped {/dashboard/qr, GET} route[39m[38;5;3m +0ms[39m
[32m[Nest] 17788  - [39m٠٧‏/٠٧‏/٢٠٢٦، ١٢:٣٨:٠٩ ص [32m    LOG[39m [38;5;3m[RouterExplorer] [39m[32mMapped {/dashboard/qr, POST} route[39m[38;5;3m +0ms[39m
[32m[Nest] 17788  - [39m٠٧‏/٠٧‏/٢٠٢٦، ١٢:٣٨:٠٩ ص [32m    LOG[39m [38;5;3m[RouterExplorer] [39m[32mMapped {/dashboard/qr/:id/svg, GET} route[39m[38;5;3m +1ms[39m
[32m[Nest] 17788  - [39m٠٧‏/٠٧‏/٢٠٢٦، ١٢:٣٨:٠٩ ص [32m    LOG[39m [38;5;3m[RoutesResolver] [39m[32mQrPublicController {/q}:[39m[38;5;3m +0ms[39m
[32m[Nest] 17788  - [39m٠٧‏/٠٧‏/٢٠٢٦، ١٢:٣٨:٠٩ ص [32m    LOG[39m [38;5;3m[RouterExplorer] [39m[32mMapped {/q/:id, GET} route[39m[38;5;3m +1ms[39m
[32m[Nest] 17788  - [39m٠٧‏/٠٧‏/٢٠٢٦، ١٢:٣٨:٠٩ ص [32m    LOG[39m [38;5;3m[RoutesResolver] [39m[32mSyncController {/dashboard/sync}:[39m[38;5;3m +0ms[39m
[32m[Nest] 17788  - [39m٠٧‏/٠٧‏/٢٠٢٦، ١٢:٣٨:٠٩ ص [32m    LOG[39m [38;5;3m[RouterExplorer] [39m[32mMapped {/dashboard/sync/jobs, GET} route[39m[38;5;3m +0ms[39m
[32m[Nest] 17788  - [39m٠٧‏/٠٧‏/٢٠٢٦، ١٢:٣٨:٠٩ ص [32m    LOG[39m [38;5;3m[RouterExplorer] [39m[32mMapped {/dashboard/sync/jobs, POST} route[39m[38;5;3m +0ms[39m
[32m[Nest] 17788  - [39m٠٧‏/٠٧‏/٢٠٢٦، ١٢:٣٨:٠٩ ص [32m    LOG[39m [38;5;3m[RouterExplorer] [39m[32mMapped {/dashboard/sync/jobs/:id/retry, POST} route[39m[38;5;3m +1ms[39m
[32m[Nest] 17788  - [39m٠٧‏/٠٧‏/٢٠٢٦، ١٢:٣٨:٠٩ ص [32m    LOG[39m [38;5;3m[RoutesResolver] [39m[32mOrdersController {/dashboard/orders}:[39m[38;5;3m +0ms[39m
[32m[Nest] 17788  - [39m٠٧‏/٠٧‏/٢٠٢٦، ١٢:٣٨:٠٩ ص [32m    LOG[39m [38;5;3m[RouterExplorer] [39m[32mMapped {/dashboard/orders, GET} route[39m[38;5;3m +0ms[39m
[32m[Nest] 17788  - [39m٠٧‏/٠٧‏/٢٠٢٦، ١٢:٣٨:٠٩ ص [32m    LOG[39m [38;5;3m[NestApplication] [39m[32mNest application successfully started[39m[38;5;3m +19ms[39m
١٢:٤٨:٥١ ص [tsx] change in ./src\main.ts Rerunning...
c[32m[Nest] 26752  - [39m٠٧‏/٠٧‏/٢٠٢٦، ١٢:٤٨:٥٣ ص [32m    LOG[39m [38;5;3m[NestFactory] [39m[32mStarting Nest application...[39m
[32m[Nest] 26752  - [39m٠٧‏/٠٧‏/٢٠٢٦، ١٢:٤٨:٥٣ ص [32m    LOG[39m [38;5;3m[InstanceLoader] [39m[32mPrismaModule dependencies initialized[39m[38;5;3m +36ms[39m
[32m[Nest] 26752  - [39m٠٧‏/٠٧‏/٢٠٢٦، ١٢:٤٨:٥٣ ص [32m    LOG[39m [38;5;3m[InstanceLoader] [39m[32mJwtModule dependencies initialized[39m[38;5;3m +6ms[39m
[32m[Nest] 26752  - [39m٠٧‏/٠٧‏/٢٠٢٦، ١٢:٤٨:٥٣ ص [32m    LOG[39m [38;5;3m[InstanceLoader] [39m[32mAppModule dependencies initialized[39m[38;5;3m +1ms[39m
[32m[Nest] 26752  - [39m٠٧‏/٠٧‏/٢٠٢٦، ١٢:٤٨:٥٣ ص [32m    LOG[39m [38;5;3m[InstanceLoader] [39m[32mFeatureFlagsModule dependencies initialized[39m[38;5;3m +0ms[39m
[32m[Nest] 26752  - [39m٠٧‏/٠٧‏/٢٠٢٦، ١٢:٤٨:٥٣ ص [32m    LOG[39m [38;5;3m[InstanceLoader] [39m[32mAnalyticsModule dependencies initialized[39m[38;5;3m +0ms[39m
[32m[Nest] 26752  - [39m٠٧‏/٠٧‏/٢٠٢٦، ١٢:٤٨:٥٣ ص [32m    LOG[39m [38;5;3m[InstanceLoader] [39m[32mConfigHostModule dependencies initialized[39m[38;5;3m +1ms[39m
[32m[Nest] 26752  - [39m٠٧‏/٠٧‏/٢٠٢٦، ١٢:٤٨:٥٣ ص [32m    LOG[39m [38;5;3m[InstanceLoader] [39m[32mConfigModule dependencies initialized[39m[38;5;3m +3ms[39m
[32m[Nest] 26752  - [39m٠٧‏/٠٧‏/٢٠٢٦، ١٢:٤٨:٥٣ ص [32m    LOG[39m [38;5;3m[InstanceLoader] [39m[32mAuthModule dependencies initialized[39m[38;5;3m +1ms[39m
[32m[Nest] 26752  - [39m٠٧‏/٠٧‏/٢٠٢٦، ١٢:٤٨:٥٣ ص [32m    LOG[39m [38;5;3m[InstanceLoader] [39m[32mPublicMenuModule dependencies initialized[39m[38;5;3m +1ms[39m
[32m[Nest] 26752  - [39m٠٧‏/٠٧‏/٢٠٢٦، ١٢:٤٨:٥٣ ص [32m    LOG[39m [38;5;3m[InstanceLoader] [39m[32mAdminModule dependencies initialized[39m[38;5;3m +0ms[39m
[32m[Nest] 26752  - [39m٠٧‏/٠٧‏/٢٠٢٦، ١٢:٤٨:٥٣ ص [32m    LOG[39m [38;5;3m[InstanceLoader] [39m[32mOrdersModule dependencies initialized[39m[38;5;3m +0ms[39m
[32m[Nest] 26752  - [39m٠٧‏/٠٧‏/٢٠٢٦، ١٢:٤٨:٥٣ ص [32m    LOG[39m [38;5;3m[InstanceLoader] [39m[32mSyncModule dependencies initialized[39m[38;5;3m +1ms[39m
[32m[Nest] 26752  - [39m٠٧‏/٠٧‏/٢٠٢٦، ١٢:٤٨:٥٣ ص [32m    LOG[39m [38;5;3m[InstanceLoader] [39m[32mMediaModule dependencies initialized[39m[38;5;3m +0ms[39m
[32m[Nest] 26752  - [39m٠٧‏/٠٧‏/٢٠٢٦، ١٢:٤٨:٥٣ ص [32m    LOG[39m [38;5;3m[InstanceLoader] [39m[32mBuilderModule dependencies initialized[39m[38;5;3m +0ms[39m
[32m[Nest] 26752  - [39m٠٧‏/٠٧‏/٢٠٢٦، ١٢:٤٨:٥٣ ص [32m    LOG[39m [38;5;3m[InstanceLoader] [39m[32mDashboardModule dependencies initialized[39m[38;5;3m +0ms[39m
[32m[Nest] 26752  - [39m٠٧‏/٠٧‏/٢٠٢٦، ١٢:٤٨:٥٣ ص [32m    LOG[39m [38;5;3m[InstanceLoader] [39m[32mProductsModule dependencies initialized[39m[38;5;3m +0ms[39m
[32m[Nest] 26752  - [39m٠٧‏/٠٧‏/٢٠٢٦، ١٢:٤٨:٥٣ ص [32m    LOG[39m [38;5;3m[InstanceLoader] [39m[32mQrModule dependencies initialized[39m[38;5;3m +1ms[39m
[32m[Nest] 26752  - [39m٠٧‏/٠٧‏/٢٠٢٦، ١٢:٤٨:٥٣ ص [32m    LOG[39m [38;5;3m[RoutesResolver] [39m[32mAppController {/}:[39m[38;5;3m +412ms[39m
[32m[Nest] 26752  - [39m٠٧‏/٠٧‏/٢٠٢٦، ١٢:٤٨:٥٣ ص [32m    LOG[39m [38;5;3m[RouterExplorer] [39m[32mMapped {/health, GET} route[39m[38;5;3m +4ms[39m
[32m[Nest] 26752  - [39m٠٧‏/٠٧‏/٢٠٢٦، ١٢:٤٨:٥٣ ص [32m    LOG[39m [38;5;3m[RoutesResolver] [39m[32mAuthController {/auth}:[39m[38;5;3m +1ms[39m
[32m[Nest] 26752  - [39m٠٧‏/٠٧‏/٢٠٢٦، ١٢:٤٨:٥٣ ص [32m    LOG[39m [38;5;3m[RouterExplorer] [39m[32mMapped {/auth/login, POST} route[39m[38;5;3m +1ms[39m
[32m[Nest] 26752  - [39m٠٧‏/٠٧‏/٢٠٢٦، ١٢:٤٨:٥٣ ص [32m    LOG[39m [38;5;3m[RoutesResolver] [39m[32mBuilderController {/dashboard/builder}:[39m[38;5;3m +1ms[39m
[32m[Nest] 26752  - [39m٠٧‏/٠٧‏/٢٠٢٦، ١٢:٤٨:٥٣ ص [32m    LOG[39m [38;5;3m[RouterExplorer] [39m[32mMapped {/dashboard/builder, GET} route[39m[38;5;3m +0ms[39m
[32m[Nest] 26752  - [39m٠٧‏/٠٧‏/٢٠٢٦، ١٢:٤٨:٥٣ ص [32m    LOG[39m [38;5;3m[RouterExplorer] [39m[32mMapped {/dashboard/builder/sections, POST} route[39m[38;5;3m +1ms[39m
[32m[Nest] 26752  - [39m٠٧‏/٠٧‏/٢٠٢٦، ١٢:٤٨:٥٣ ص [32m    LOG[39m [38;5;3m[RouterExplorer] [39m[32mMapped {/dashboard/builder/sections/reorder, PATCH} route[39m[38;5;3m +0ms[39m
[32m[Nest] 26752  - [39m٠٧‏/٠٧‏/٢٠٢٦، ١٢:٤٨:٥٣ ص [32m    LOG[39m [38;5;3m[RouterExplorer] [39m[32mMapped {/dashboard/builder/sections/:id, PATCH} route[39m[38;5;3m +1ms[39m
[32m[Nest] 26752  - [39m٠٧‏/٠٧‏/٢٠٢٦، ١٢:٤٨:٥٣ ص [32m    LOG[39m [38;5;3m[RouterExplorer] [39m[32mMapped {/dashboard/builder/sections/:id, DELETE} route[39m[38;5;3m +1ms[39m
[32m[Nest] 26752  - [39m٠٧‏/٠٧‏/٢٠٢٦، ١٢:٤٨:٥٣ ص [32m    LOG[39m [38;5;3m[RouterExplorer] [39m[32mMapped {/dashboard/builder/publish, POST} route[39m[38;5;3m +0ms[39m
[32m[Nest] 26752  - [39m٠٧‏/٠٧‏/٢٠٢٦، ١٢:٤٨:٥٣ ص [32m    LOG[39m [38;5;3m[RoutesResolver] [39m[32mAdminController {/admin}:[39m[38;5;3m +1ms[39m
[32m[Nest] 26752  - [39m٠٧‏/٠٧‏/٢٠٢٦، ١٢:٤٨:٥٣ ص [32m    LOG[39m [38;5;3m[RouterExplorer] [39m[32mMapped {/admin/overview, GET} route[39m[38;5;3m +0ms[39m
[32m[Nest] 26752  - [39m٠٧‏/٠٧‏/٢٠٢٦، ١٢:٤٨:٥٣ ص [32m    LOG[39m [38;5;3m[RouterExplorer] [39m[32mMapped {/admin/restaurants, GET} route[39m[38;5;3m +1ms[39m
[32m[Nest] 26752  - [39m٠٧‏/٠٧‏/٢٠٢٦، ١٢:٤٨:٥٣ ص [32m    LOG[39m [38;5;3m[RouterExplorer] [39m[32mMapped {/admin/restaurants, POST} route[39m[38;5;3m +0ms[39m
[32m[Nest] 26752  - [39m٠٧‏/٠٧‏/٢٠٢٦، ١٢:٤٨:٥٣ ص [32m    LOG[39m [38;5;3m[RouterExplorer] [39m[32mMapped {/admin/subscriptions, GET} route[39m[38;5;3m +1ms[39m
[32m[Nest] 26752  - [39m٠٧‏/٠٧‏/٢٠٢٦، ١٢:٤٨:٥٣ ص [32m    LOG[39m [38;5;3m[RoutesResolver] [39m[32mDashboardController {/dashboard}:[39m[38;5;3m +0ms[39m
[32m[Nest] 26752  - [39m٠٧‏/٠٧‏/٢٠٢٦، ١٢:٤٨:٥٣ ص [32m    LOG[39m [38;5;3m[RouterExplorer] [39m[32mMapped {/dashboard/restaurants/current, GET} route[39m[38;5;3m +0ms[39m
[32m[Nest] 26752  - [39m٠٧‏/٠٧‏/٢٠٢٦، ١٢:٤٨:٥٣ ص [32m    LOG[39m [38;5;3m[RouterExplorer] [39m[32mMapped {/dashboard/overview, GET} route[39m[38;5;3m +1ms[39m
[32m[Nest] 26752  - [39m٠٧‏/٠٧‏/٢٠٢٦، ١٢:٤٨:٥٣ ص [32m    LOG[39m [38;5;3m[RouterExplorer] [39m[32mMapped {/dashboard/branches, GET} route[39m[38;5;3m +0ms[39m
[32m[Nest] 26752  - [39m٠٧‏/٠٧‏/٢٠٢٦، ١٢:٤٨:٥٣ ص [32m    LOG[39m [38;5;3m[RouterExplorer] [39m[32mMapped {/dashboard/branches, POST} route[39m[38;5;3m +1ms[39m
[32m[Nest] 26752  - [39m٠٧‏/٠٧‏/٢٠٢٦، ١٢:٤٨:٥٣ ص [32m    LOG[39m [38;5;3m[RouterExplorer] [39m[32mMapped {/dashboard/branches/:id, PATCH} route[39m[38;5;3m +0ms[39m
[32m[Nest] 26752  - [39m٠٧‏/٠٧‏/٢٠٢٦، ١٢:٤٨:٥٣ ص [32m    LOG[39m [38;5;3m[RouterExplorer] [39m[32mMapped {/dashboard/branches/:id, DELETE} route[39m[38;5;3m +1ms[39m
[32m[Nest] 26752  - [39m٠٧‏/٠٧‏/٢٠٢٦، ١٢:٤٨:٥٣ ص [32m    LOG[39m [38;5;3m[RouterExplorer] [39m[32mMapped {/dashboard/categories, GET} route[39m[38;5;3m +0ms[39m
[32m[Nest] 26752  - [39m٠٧‏/٠٧‏/٢٠٢٦، ١٢:٤٨:٥٣ ص [32m    LOG[39m [38;5;3m[RouterExplorer] [39m[32mMapped {/dashboard/categories, POST} route[39m[38;5;3m +1ms[39m
[32m[Nest] 26752  - [39m٠٧‏/٠٧‏/٢٠٢٦، ١٢:٤٨:٥٣ ص [32m    LOG[39m [38;5;3m[RouterExplorer] [39m[32mMapped {/dashboard/categories/:id, PATCH} route[39m[38;5;3m +0ms[39m
[32m[Nest] 26752  - [39m٠٧‏/٠٧‏/٢٠٢٦، ١٢:٤٨:٥٣ ص [32m    LOG[39m [38;5;3m[RouterExplorer] [39m[32mMapped {/dashboard/categories/:id, DELETE} route[39m[38;5;3m +1ms[39m
[32m[Nest] 26752  - [39m٠٧‏/٠٧‏/٢٠٢٦، ١٢:٤٨:٥٣ ص [32m    LOG[39m [38;5;3m[RouterExplorer] [39m[32mMapped {/dashboard/theme, GET} route[39m[38;5;3m +0ms[39m
[32m[Nest] 26752  - [39m٠٧‏/٠٧‏/٢٠٢٦، ١٢:٤٨:٥٣ ص [32m    LOG[39m [38;5;3m[RouterExplorer] [39m[32mMapped {/dashboard/domains, GET} route[39m[38;5;3m +0ms[39m
[32m[Nest] 26752  - [39m٠٧‏/٠٧‏/٢٠٢٦، ١٢:٤٨:٥٣ ص [32m    LOG[39m [38;5;3m[RouterExplorer] [39m[32mMapped {/dashboard/domains, POST} route[39m[38;5;3m +0ms[39m
[32m[Nest] 26752  - [39m٠٧‏/٠٧‏/٢٠٢٦، ١٢:٤٨:٥٣ ص [32m    LOG[39m [38;5;3m[RouterExplorer] [39m[32mMapped {/dashboard/domains/:id/verify, POST} route[39m[38;5;3m +1ms[39m
[32m[Nest] 26752  - [39m٠٧‏/٠٧‏/٢٠٢٦، ١٢:٤٨:٥٣ ص [32m    LOG[39m [38;5;3m[RouterExplorer] [39m[32mMapped {/dashboard/domains/:id, DELETE} route[39m[38;5;3m +0ms[39m
[32m[Nest] 26752  - [39m٠٧‏/٠٧‏/٢٠٢٦، ١٢:٤٨:٥٣ ص [32m    LOG[39m [38;5;3m[RouterExplorer] [39m[32mMapped {/dashboard/theme, PATCH} route[39m[38;5;3m +0ms[39m
[32m[Nest] 26752  - [39m٠٧‏/٠٧‏/٢٠٢٦، ١٢:٤٨:٥٣ ص [32m    LOG[39m [38;5;3m[RouterExplorer] [39m[32mMapped {/dashboard/analytics, GET} route[39m[38;5;3m +1ms[39m
[32m[Nest] 26752  - [39m٠٧‏/٠٧‏/٢٠٢٦، ١٢:٤٨:٥٣ ص [32m    LOG[39m [38;5;3m[RoutesResolver] [39m[32mMediaController {/dashboard/media}:[39m[38;5;3m +0ms[39m
[32m[Nest] 26752  - [39m٠٧‏/٠٧‏/٢٠٢٦، ١٢:٤٨:٥٣ ص [32m    LOG[39m [38;5;3m[RouterExplorer] [39m[32mMapped {/dashboard/media, GET} route[39m[38;5;3m +0ms[39m
[32m[Nest] 26752  - [39m٠٧‏/٠٧‏/٢٠٢٦، ١٢:٤٨:٥٣ ص [32m    LOG[39m [38;5;3m[RouterExplorer] [39m[32mMapped {/dashboard/media/rules, GET} route[39m[38;5;3m +1ms[39m
[32m[Nest] 26752  - [39m٠٧‏/٠٧‏/٢٠٢٦، ١٢:٤٨:٥٣ ص [32m    LOG[39m [38;5;3m[RouterExplorer] [39m[32mMapped {/dashboard/media/rules, POST} route[39m[38;5;3m +0ms[39m
[32m[Nest] 26752  - [39m٠٧‏/٠٧‏/٢٠٢٦، ١٢:٤٨:٥٣ ص [32m    LOG[39m [38;5;3m[RouterExplorer] [39m[32mMapped {/dashboard/media, POST} route[39m[38;5;3m +0ms[39m
[32m[Nest] 26752  - [39m٠٧‏/٠٧‏/٢٠٢٦، ١٢:٤٨:٥٣ ص [32m    LOG[39m [38;5;3m[RouterExplorer] [39m[32mMapped {/dashboard/media/upload, POST} route[39m[38;5;3m +1ms[39m
[32m[Nest] 26752  - [39m٠٧‏/٠٧‏/٢٠٢٦، ١٢:٤٨:٥٣ ص [32m    LOG[39m [38;5;3m[RouterExplorer] [39m[32mMapped {/dashboard/media/products/:productId/images, POST} route[39m[38;5;3m +0ms[39m
[32m[Nest] 26752  - [39m٠٧‏/٠٧‏/٢٠٢٦، ١٢:٤٨:٥٣ ص [32m    LOG[39m [38;5;3m[RouterExplorer] [39m[32mMapped {/dashboard/media/products/:productId/3d, POST} route[39m[38;5;3m +0ms[39m
[32m[Nest] 26752  - [39m٠٧‏/٠٧‏/٢٠٢٦، ١٢:٤٨:٥٤ ص [32m    LOG[39m [38;5;3m[RouterExplorer] [39m[32mMapped {/dashboard/media/products/:productId/vr, POST} route[39m[38;5;3m +1ms[39m
[32m[Nest] 26752  - [39m٠٧‏/٠٧‏/٢٠٢٦، ١٢:٤٨:٥٤ ص [32m    LOG[39m [38;5;3m[RoutesResolver] [39m[32mProductsController {/dashboard/products}:[39m[38;5;3m +0ms[39m
[32m[Nest] 26752  - [39m٠٧‏/٠٧‏/٢٠٢٦، ١٢:٤٨:٥٤ ص [32m    LOG[39m [38;5;3m[RouterExplorer] [39m[32mMapped {/dashboard/products, GET} route[39m[38;5;3m +0ms[39m
[32m[Nest] 26752  - [39m٠٧‏/٠٧‏/٢٠٢٦، ١٢:٤٨:٥٤ ص [32m    LOG[39m [38;5;3m[RouterExplorer] [39m[32mMapped {/dashboard/products, POST} route[39m[38;5;3m +1ms[39m
[32m[Nest] 26752  - [39m٠٧‏/٠٧‏/٢٠٢٦، ١٢:٤٨:٥٤ ص [32m    LOG[39m [38;5;3m[RouterExplorer] [39m[32mMapped {/dashboard/products/:id, GET} route[39m[38;5;3m +0ms[39m
[32m[Nest] 26752  - [39m٠٧‏/٠٧‏/٢٠٢٦، ١٢:٤٨:٥٤ ص [32m    LOG[39m [38;5;3m[RouterExplorer] [39m[32mMapped {/dashboard/products/:id, PATCH} route[39m[38;5;3m +0ms[39m
[32m[Nest] 26752  - [39m٠٧‏/٠٧‏/٢٠٢٦، ١٢:٤٨:٥٤ ص [32m    LOG[39m [38;5;3m[RouterExplorer] [39m[32mMapped {/dashboard/products/:id/toggle-availability, PATCH} route[39m[38;5;3m +1ms[39m
[32m[Nest] 26752  - [39m٠٧‏/٠٧‏/٢٠٢٦، ١٢:٤٨:٥٤ ص [32m    LOG[39m [38;5;3m[RoutesResolver] [39m[32mPublicMenuController {/public/menus}:[39m[38;5;3m +0ms[39m
[32m[Nest] 26752  - [39m٠٧‏/٠٧‏/٢٠٢٦، ١٢:٤٨:٥٤ ص [32m    LOG[39m [38;5;3m[RouterExplorer] [39m[32mMapped {/public/menus/by-host/current, GET} route[39m[38;5;3m +0ms[39m
[32m[Nest] 26752  - [39m٠٧‏/٠٧‏/٢٠٢٦، ١٢:٤٨:٥٤ ص [32m    LOG[39m [38;5;3m[RouterExplorer] [39m[32mMapped {/public/menus/:restaurantSlug, GET} route[39m[38;5;3m +1ms[39m
[32m[Nest] 26752  - [39m٠٧‏/٠٧‏/٢٠٢٦، ١٢:٤٨:٥٤ ص [32m    LOG[39m [38;5;3m[RouterExplorer] [39m[32mMapped {/public/menus/:restaurantSlug/products, GET} route[39m[38;5;3m +0ms[39m
[32m[Nest] 26752  - [39m٠٧‏/٠٧‏/٢٠٢٦، ١٢:٤٨:٥٤ ص [32m    LOG[39m [38;5;3m[RouterExplorer] [39m[32mMapped {/public/menus/:restaurantSlug/theme, GET} route[39m[38;5;3m +2ms[39m
[32m[Nest] 26752  - [39m٠٧‏/٠٧‏/٢٠٢٦، ١٢:٤٨:٥٤ ص [32m    LOG[39m [38;5;3m[RouterExplorer] [39m[32mMapped {/public/menus/:restaurantSlug/track, POST} route[39m[38;5;3m +1ms[39m
[32m[Nest] 26752  - [39m٠٧‏/٠٧‏/٢٠٢٦، ١٢:٤٨:٥٤ ص [32m    LOG[39m [38;5;3m[RouterExplorer] [39m[32mMapped {/public/menus/:restaurantSlug/orders/whatsapp, POST} route[39m[38;5;3m +0ms[39m
[32m[Nest] 26752  - [39m٠٧‏/٠٧‏/٢٠٢٦، ١٢:٤٨:٥٤ ص [32m    LOG[39m [38;5;3m[RoutesResolver] [39m[32mQrController {/dashboard/qr}:[39m[38;5;3m +1ms[39m
[32m[Nest] 26752  - [39m٠٧‏/٠٧‏/٢٠٢٦، ١٢:٤٨:٥٤ ص [32m    LOG[39m [38;5;3m[RouterExplorer] [39m[32mMapped {/dashboard/qr, GET} route[39m[38;5;3m +1ms[39m
[32m[Nest] 26752  - [39m٠٧‏/٠٧‏/٢٠٢٦، ١٢:٤٨:٥٤ ص [32m    LOG[39m [38;5;3m[RouterExplorer] [39m[32mMapped {/dashboard/qr, POST} route[39m[38;5;3m +4ms[39m
[32m[Nest] 26752  - [39m٠٧‏/٠٧‏/٢٠٢٦، ١٢:٤٨:٥٤ ص [32m    LOG[39m [38;5;3m[RouterExplorer] [39m[32mMapped {/dashboard/qr/:id/svg, GET} route[39m[38;5;3m +2ms[39m
[32m[Nest] 26752  - [39m٠٧‏/٠٧‏/٢٠٢٦، ١٢:٤٨:٥٤ ص [32m    LOG[39m [38;5;3m[RoutesResolver] [39m[32mQrPublicController {/q}:[39m[38;5;3m +0ms[39m
[32m[Nest] 26752  - [39m٠٧‏/٠٧‏/٢٠٢٦، ١٢:٤٨:٥٤ ص [32m    LOG[39m [38;5;3m[RouterExplorer] [39m[32mMapped {/q/:id, GET} route[39m[38;5;3m +1ms[39m
[32m[Nest] 26752  - [39m٠٧‏/٠٧‏/٢٠٢٦، ١٢:٤٨:٥٤ ص [32m    LOG[39m [38;5;3m[RoutesResolver] [39m[32mSyncController {/dashboard/sync}:[39m[38;5;3m +0ms[39m
[32m[Nest] 26752  - [39m٠٧‏/٠٧‏/٢٠٢٦، ١٢:٤٨:٥٤ ص [32m    LOG[39m [38;5;3m[RouterExplorer] [39m[32mMapped {/dashboard/sync/jobs, GET} route[39m[38;5;3m +0ms[39m
[32m[Nest] 26752  - [39m٠٧‏/٠٧‏/٢٠٢٦، ١٢:٤٨:٥٤ ص [32m    LOG[39m [38;5;3m[RouterExplorer] [39m[32mMapped {/dashboard/sync/jobs, POST} route[39m[38;5;3m +1ms[39m
[32m[Nest] 26752  - [39m٠٧‏/٠٧‏/٢٠٢٦، ١٢:٤٨:٥٤ ص [32m    LOG[39m [38;5;3m[RouterExplorer] [39m[32mMapped {/dashboard/sync/jobs/:id/retry, POST} route[39m[38;5;3m +1ms[39m
[32m[Nest] 26752  - [39m٠٧‏/٠٧‏/٢٠٢٦، ١٢:٤٨:٥٤ ص [32m    LOG[39m [38;5;3m[RoutesResolver] [39m[32mOrdersController {/dashboard/orders}:[39m[38;5;3m +0ms[39m
[32m[Nest] 26752  - [39m٠٧‏/٠٧‏/٢٠٢٦، ١٢:٤٨:٥٤ ص [32m    LOG[39m [38;5;3m[RouterExplorer] [39m[32mMapped {/dashboard/orders, GET} route[39m[38;5;3m +0ms[39m
[32m[Nest] 26752  - [39m٠٧‏/٠٧‏/٢٠٢٦، ١٢:٤٨:٥٤ ص [32m    LOG[39m [38;5;3m[NestApplication] [39m[32mNest application successfully started[39m[38;5;3m +64ms[39m
[32m[Nest] 16996  - [39m٠٧‏/٠٧‏/٢٠٢٦، ١٢:٤٨:٥٣ ص [32m    LOG[39m [38;5;3m[NestFactory] [39m[32mStarting Nest application...[39m
[32m[Nest] 16996  - [39m٠٧‏/٠٧‏/٢٠٢٦، ١٢:٤٨:٥٣ ص [32m    LOG[39m [38;5;3m[InstanceLoader] [39m[32mPrismaModule dependencies initialized[39m[38;5;3m +30ms[39m
[32m[Nest] 16996  - [39m٠٧‏/٠٧‏/٢٠٢٦، ١٢:٤٨:٥٣ ص [32m    LOG[39m [38;5;3m[InstanceLoader] [39m[32mJwtModule dependencies initialized[39m[38;5;3m +7ms[39m
[32m[Nest] 16996  - [39m٠٧‏/٠٧‏/٢٠٢٦، ١٢:٤٨:٥٣ ص [32m    LOG[39m [38;5;3m[InstanceLoader] [39m[32mAppModule dependencies initialized[39m[38;5;3m +1ms[39m
[32m[Nest] 16996  - [39m٠٧‏/٠٧‏/٢٠٢٦، ١٢:٤٨:٥٣ ص [32m    LOG[39m [38;5;3m[InstanceLoader] [39m[32mFeatureFlagsModule dependencies initialized[39m[38;5;3m +0ms[39m
[32m[Nest] 16996  - [39m٠٧‏/٠٧‏/٢٠٢٦، ١٢:٤٨:٥٣ ص [32m    LOG[39m [38;5;3m[InstanceLoader] [39m[32mAnalyticsModule dependencies initialized[39m[38;5;3m +0ms[39m
[32m[Nest] 16996  - [39m٠٧‏/٠٧‏/٢٠٢٦، ١٢:٤٨:٥٣ ص [32m    LOG[39m [38;5;3m[InstanceLoader] [39m[32mConfigHostModule dependencies initialized[39m[38;5;3m +1ms[39m
[32m[Nest] 16996  - [39m٠٧‏/٠٧‏/٢٠٢٦، ١٢:٤٨:٥٣ ص [32m    LOG[39m [38;5;3m[InstanceLoader] [39m[32mConfigModule dependencies initialized[39m[38;5;3m +2ms[39m
[32m[Nest] 16996  - [39m٠٧‏/٠٧‏/٢٠٢٦، ١٢:٤٨:٥٣ ص [32m    LOG[39m [38;5;3m[InstanceLoader] [39m[32mAuthModule dependencies initialized[39m[38;5;3m +2ms[39m
[32m[Nest] 16996  - [39m٠٧‏/٠٧‏/٢٠٢٦، ١٢:٤٨:٥٣ ص [32m    LOG[39m [38;5;3m[InstanceLoader] [39m[32mPublicMenuModule dependencies initialized[39m[38;5;3m +2ms[39m
[32m[Nest] 16996  - [39m٠٧‏/٠٧‏/٢٠٢٦، ١٢:٤٨:٥٣ ص [32m    LOG[39m [38;5;3m[InstanceLoader] [39m[32mAdminModule dependencies initialized[39m[38;5;3m +1ms[39m
[32m[Nest] 16996  - [39m٠٧‏/٠٧‏/٢٠٢٦، ١٢:٤٨:٥٣ ص [32m    LOG[39m [38;5;3m[InstanceLoader] [39m[32mOrdersModule dependencies initialized[39m[38;5;3m +0ms[39m
[32m[Nest] 16996  - [39m٠٧‏/٠٧‏/٢٠٢٦، ١٢:٤٨:٥٣ ص [32m    LOG[39m [38;5;3m[InstanceLoader] [39m[32mSyncModule dependencies initialized[39m[38;5;3m +1ms[39m
[32m[Nest] 16996  - [39m٠٧‏/٠٧‏/٢٠٢٦، ١٢:٤٨:٥٣ ص [32m    LOG[39m [38;5;3m[InstanceLoader] [39m[32mMediaModule dependencies initialized[39m[38;5;3m +0ms[39m
[32m[Nest] 16996  - [39m٠٧‏/٠٧‏/٢٠٢٦، ١٢:٤٨:٥٣ ص [32m    LOG[39m [38;5;3m[InstanceLoader] [39m[32mBuilderModule dependencies initialized[39m[38;5;3m +0ms[39m
[32m[Nest] 16996  - [39m٠٧‏/٠٧‏/٢٠٢٦، ١٢:٤٨:٥٣ ص [32m    LOG[39m [38;5;3m[InstanceLoader] [39m[32mDashboardModule dependencies initialized[39m[38;5;3m +1ms[39m
[32m[Nest] 16996  - [39m٠٧‏/٠٧‏/٢٠٢٦، ١٢:٤٨:٥٣ ص [32m    LOG[39m [38;5;3m[InstanceLoader] [39m[32mProductsModule dependencies initialized[39m[38;5;3m +0ms[39m
[32m[Nest] 16996  - [39m٠٧‏/٠٧‏/٢٠٢٦، ١٢:٤٨:٥٣ ص [32m    LOG[39m [38;5;3m[InstanceLoader] [39m[32mQrModule dependencies initialized[39m[38;5;3m +0ms[39m
[32m[Nest] 16996  - [39m٠٧‏/٠٧‏/٢٠٢٦، ١٢:٤٨:٥٣ ص [32m    LOG[39m [38;5;3m[RoutesResolver] [39m[32mAppController {/}:[39m[38;5;3m +415ms[39m
[32m[Nest] 16996  - [39m٠٧‏/٠٧‏/٢٠٢٦، ١٢:٤٨:٥٣ ص [32m    LOG[39m [38;5;3m[RouterExplorer] [39m[32mMapped {/health, GET} route[39m[38;5;3m +7ms[39m
[32m[Nest] 16996  - [39m٠٧‏/٠٧‏/٢٠٢٦، ١٢:٤٨:٥٣ ص [32m    LOG[39m [38;5;3m[RoutesResolver] [39m[32mAuthController {/auth}:[39m[38;5;3m +0ms[39m
[32m[Nest] 16996  - [39m٠٧‏/٠٧‏/٢٠٢٦، ١٢:٤٨:٥٣ ص [32m    LOG[39m [38;5;3m[RouterExplorer] [39m[32mMapped {/auth/login, POST} route[39m[38;5;3m +1ms[39m
[32m[Nest] 16996  - [39m٠٧‏/٠٧‏/٢٠٢٦، ١٢:٤٨:٥٣ ص [32m    LOG[39m [38;5;3m[RoutesResolver] [39m[32mBuilderController {/dashboard/builder}:[39m[38;5;3m +1ms[39m
[32m[Nest] 16996  - [39m٠٧‏/٠٧‏/٢٠٢٦، ١٢:٤٨:٥٣ ص [32m    LOG[39m [38;5;3m[RouterExplorer] [39m[32mMapped {/dashboard/builder, GET} route[39m[38;5;3m +1ms[39m
[32m[Nest] 16996  - [39m٠٧‏/٠٧‏/٢٠٢٦، ١٢:٤٨:٥٣ ص [32m    LOG[39m [38;5;3m[RouterExplorer] [39m[32mMapped {/dashboard/builder/sections, POST} route[39m[38;5;3m +1ms[39m
[32m[Nest] 16996  - [39m٠٧‏/٠٧‏/٢٠٢٦، ١٢:٤٨:٥٣ ص [32m    LOG[39m [38;5;3m[RouterExplorer] [39m[32mMapped {/dashboard/builder/sections/reorder, PATCH} route[39m[38;5;3m +1ms[39m
[32m[Nest] 16996  - [39m٠٧‏/٠٧‏/٢٠٢٦، ١٢:٤٨:٥٣ ص [32m    LOG[39m [38;5;3m[RouterExplorer] [39m[32mMapped {/dashboard/builder/sections/:id, PATCH} route[39m[38;5;3m +0ms[39m
[32m[Nest] 16996  - [39m٠٧‏/٠٧‏/٢٠٢٦، ١٢:٤٨:٥٣ ص [32m    LOG[39m [38;5;3m[RouterExplorer] [39m[32mMapped {/dashboard/builder/sections/:id, DELETE} route[39m[38;5;3m +1ms[39m
[32m[Nest] 16996  - [39m٠٧‏/٠٧‏/٢٠٢٦، ١٢:٤٨:٥٣ ص [32m    LOG[39m [38;5;3m[RouterExplorer] [39m[32mMapped {/dashboard/builder/publish, POST} route[39m[38;5;3m +1ms[39m
[32m[Nest] 16996  - [39m٠٧‏/٠٧‏/٢٠٢٦، ١٢:٤٨:٥٣ ص [32m    LOG[39m [38;5;3m[RoutesResolver] [39m[32mAdminController {/admin}:[39m[38;5;3m +0ms[39m
[32m[Nest] 16996  - [39m٠٧‏/٠٧‏/٢٠٢٦، ١٢:٤٨:٥٣ ص [32m    LOG[39m [38;5;3m[RouterExplorer] [39m[32mMapped {/admin/overview, GET} route[39m[38;5;3m +2ms[39m
[32m[Nest] 16996  - [39m٠٧‏/٠٧‏/٢٠٢٦، ١٢:٤٨:٥٣ ص [32m    LOG[39m [38;5;3m[RouterExplorer] [39m[32mMapped {/admin/restaurants, GET} route[39m[38;5;3m +1ms[39m
[32m[Nest] 16996  - [39m٠٧‏/٠٧‏/٢٠٢٦، ١٢:٤٨:٥٣ ص [32m    LOG[39m [38;5;3m[RouterExplorer] [39m[32mMapped {/admin/restaurants, POST} route[39m[38;5;3m +1ms[39m
[32m[Nest] 16996  - [39m٠٧‏/٠٧‏/٢٠٢٦، ١٢:٤٨:٥٣ ص [32m    LOG[39m [38;5;3m[RouterExplorer] [39m[32mMapped {/admin/subscriptions, GET} route[39m[38;5;3m +0ms[39m
[32m[Nest] 16996  - [39m٠٧‏/٠٧‏/٢٠٢٦، ١٢:٤٨:٥٣ ص [32m    LOG[39m [38;5;3m[RoutesResolver] [39m[32mDashboardController {/dashboard}:[39m[38;5;3m +1ms[39m
[32m[Nest] 16996  - [39m٠٧‏/٠٧‏/٢٠٢٦، ١٢:٤٨:٥٣ ص [32m    LOG[39m [38;5;3m[RouterExplorer] [39m[32mMapped {/dashboard/restaurants/current, GET} route[39m[38;5;3m +0ms[39m
[32m[Nest] 16996  - [39m٠٧‏/٠٧‏/٢٠٢٦، ١٢:٤٨:٥٣ ص [32m    LOG[39m [38;5;3m[RouterExplorer] [39m[32mMapped {/dashboard/overview, GET} route[39m[38;5;3m +0ms[39m
[32m[Nest] 16996  - [39m٠٧‏/٠٧‏/٢٠٢٦، ١٢:٤٨:٥٣ ص [32m    LOG[39m [38;5;3m[RouterExplorer] [39m[32mMapped {/dashboard/branches, GET} route[39m[38;5;3m +1ms[39m
[32m[Nest] 16996  - [39m٠٧‏/٠٧‏/٢٠٢٦، ١٢:٤٨:٥٣ ص [32m    LOG[39m [38;5;3m[RouterExplorer] [39m[32mMapped {/dashboard/branches, POST} route[39m[38;5;3m +0ms[39m
[32m[Nest] 16996  - [39m٠٧‏/٠٧‏/٢٠٢٦، ١٢:٤٨:٥٣ ص [32m    LOG[39m [38;5;3m[RouterExplorer] [39m[32mMapped {/dashboard/branches/:id, PATCH} route[39m[38;5;3m +1ms[39m
[32m[Nest] 16996  - [39m٠٧‏/٠٧‏/٢٠٢٦، ١٢:٤٨:٥٣ ص [32m    LOG[39m [38;5;3m[RouterExplorer] [39m[32mMapped {/dashboard/branches/:id, DELETE} route[39m[38;5;3m +0ms[39m
[32m[Nest] 16996  - [39m٠٧‏/٠٧‏/٢٠٢٦، ١٢:٤٨:٥٣ ص [32m    LOG[39m [38;5;3m[RouterExplorer] [39m[32mMapped {/dashboard/categories, GET} route[39m[38;5;3m +1ms[39m
[32m[Nest] 16996  - [39m٠٧‏/٠٧‏/٢٠٢٦، ١٢:٤٨:٥٣ ص [32m    LOG[39m [38;5;3m[RouterExplorer] [39m[32mMapped {/dashboard/categories, POST} route[39m[38;5;3m +0ms[39m
[32m[Nest] 16996  - [39m٠٧‏/٠٧‏/٢٠٢٦، ١٢:٤٨:٥٣ ص [32m    LOG[39m [38;5;3m[RouterExplorer] [39m[32mMapped {/dashboard/categories/:id, PATCH} route[39m[38;5;3m +0ms[39m
[32m[Nest] 16996  - [39m٠٧‏/٠٧‏/٢٠٢٦، ١٢:٤٨:٥٣ ص [32m    LOG[39m [38;5;3m[RouterExplorer] [39m[32mMapped {/dashboard/categories/:id, DELETE} route[39m[38;5;3m +1ms[39m
[32m[Nest] 16996  - [39m٠٧‏/٠٧‏/٢٠٢٦، ١٢:٤٨:٥٣ ص [32m    LOG[39m [38;5;3m[RouterExplorer] [39m[32mMapped {/dashboard/theme, GET} route[39m[38;5;3m +0ms[39m
[32m[Nest] 16996  - [39m٠٧‏/٠٧‏/٢٠٢٦، ١٢:٤٨:٥٣ ص [32m    LOG[39m [38;5;3m[RouterExplorer] [39m[32mMapped {/dashboard/domains, GET} route[39m[38;5;3m +1ms[39m
[32m[Nest] 16996  - [39m٠٧‏/٠٧‏/٢٠٢٦، ١٢:٤٨:٥٣ ص [32m    LOG[39m [38;5;3m[RouterExplorer] [39m[32mMapped {/dashboard/domains, POST} route[39m[38;5;3m +0ms[39m
[32m[Nest] 16996  - [39m٠٧‏/٠٧‏/٢٠٢٦، ١٢:٤٨:٥٣ ص [32m    LOG[39m [38;5;3m[RouterExplorer] [39m[32mMapped {/dashboard/domains/:id/verify, POST} route[39m[38;5;3m +0ms[39m
[32m[Nest] 16996  - [39m٠٧‏/٠٧‏/٢٠٢٦، ١٢:٤٨:٥٣ ص [32m    LOG[39m [38;5;3m[RouterExplorer] [39m[32mMapped {/dashboard/domains/:id, DELETE} route[39m[38;5;3m +0ms[39m
[32m[Nest] 16996  - [39m٠٧‏/٠٧‏/٢٠٢٦، ١٢:٤٨:٥٣ ص [32m    LOG[39m [38;5;3m[RouterExplorer] [39m[32mMapped {/dashboard/theme, PATCH} route[39m[38;5;3m +1ms[39m
[32m[Nest] 16996  - [39m٠٧‏/٠٧‏/٢٠٢٦، ١٢:٤٨:٥٣ ص [32m    LOG[39m [38;5;3m[RouterExplorer] [39m[32mMapped {/dashboard/analytics, GET} route[39m[38;5;3m +0ms[39m
[32m[Nest] 16996  - [39m٠٧‏/٠٧‏/٢٠٢٦، ١٢:٤٨:٥٣ ص [32m    LOG[39m [38;5;3m[RoutesResolver] [39m[32mMediaController {/dashboard/media}:[39m[38;5;3m +1ms[39m
[32m[Nest] 16996  - [39m٠٧‏/٠٧‏/٢٠٢٦، ١٢:٤٨:٥٣ ص [32m    LOG[39m [38;5;3m[RouterExplorer] [39m[32mMapped {/dashboard/media, GET} route[39m[38;5;3m +0ms[39m
[32m[Nest] 16996  - [39m٠٧‏/٠٧‏/٢٠٢٦، ١٢:٤٨:٥٣ ص [32m    LOG[39m [38;5;3m[RouterExplorer] [39m[32mMapped {/dashboard/media/rules, GET} route[39m[38;5;3m +0ms[39m
[32m[Nest] 16996  - [39m٠٧‏/٠٧‏/٢٠٢٦، ١٢:٤٨:٥٣ ص [32m    LOG[39m [38;5;3m[RouterExplorer] [39m[32mMapped {/dashboard/media/rules, POST} route[39m[38;5;3m +1ms[39m
[32m[Nest] 16996  - [39m٠٧‏/٠٧‏/٢٠٢٦، ١٢:٤٨:٥٣ ص [32m    LOG[39m [38;5;3m[RouterExplorer] [39m[32mMapped {/dashboard/media, POST} route[39m[38;5;3m +0ms[39m
[32m[Nest] 16996  - [39m٠٧‏/٠٧‏/٢٠٢٦، ١٢:٤٨:٥٣ ص [32m    LOG[39m [38;5;3m[RouterExplorer] [39m[32mMapped {/dashboard/media/upload, POST} route[39m[38;5;3m +1ms[39m
[32m[Nest] 16996  - [39m٠٧‏/٠٧‏/٢٠٢٦، ١٢:٤٨:٥٣ ص [32m    LOG[39m [38;5;3m[RouterExplorer] [39m[32mMapped {/dashboard/media/products/:productId/images, POST} route[39m[38;5;3m +0ms[39m
[32m[Nest] 16996  - [39m٠٧‏/٠٧‏/٢٠٢٦، ١٢:٤٨:٥٣ ص [32m    LOG[39m [38;5;3m[RouterExplorer] [39m[32mMapped {/dashboard/media/products/:productId/3d, POST} route[39m[38;5;3m +1ms[39m
[32m[Nest] 16996  - [39m٠٧‏/٠٧‏/٢٠٢٦، ١٢:٤٨:٥٣ ص [32m    LOG[39m [38;5;3m[RouterExplorer] [39m[32mMapped {/dashboard/media/products/:productId/vr, POST} route[39m[38;5;3m +0ms[39m
[32m[Nest] 16996  - [39m٠٧‏/٠٧‏/٢٠٢٦، ١٢:٤٨:٥٣ ص [32m    LOG[39m [38;5;3m[RoutesResolver] [39m[32mProductsController {/dashboard/products}:[39m[38;5;3m +0ms[39m
[32m[Nest] 16996  - [39m٠٧‏/٠٧‏/٢٠٢٦، ١٢:٤٨:٥٣ ص [32m    LOG[39m [38;5;3m[RouterExplorer] [39m[32mMapped {/dashboard/products, GET} route[39m[38;5;3m +1ms[39m
[32m[Nest] 16996  - [39m٠٧‏/٠٧‏/٢٠٢٦، ١٢:٤٨:٥٣ ص [32m    LOG[39m [38;5;3m[RouterExplorer] [39m[32mMapped {/dashboard/products, POST} route[39m[38;5;3m +0ms[39m
[32m[Nest] 16996  - [39m٠٧‏/٠٧‏/٢٠٢٦، ١٢:٤٨:٥٣ ص [32m    LOG[39m [38;5;3m[RouterExplorer] [39m[32mMapped {/dashboard/products/:id, GET} route[39m[38;5;3m +0ms[39m
[32m[Nest] 16996  - [39m٠٧‏/٠٧‏/٢٠٢٦، ١٢:٤٨:٥٣ ص [32m    LOG[39m [38;5;3m[RouterExplorer] [39m[32mMapped {/dashboard/products/:id, PATCH} route[39m[38;5;3m +1ms[39m
[32m[Nest] 16996  - [39m٠٧‏/٠٧‏/٢٠٢٦، ١٢:٤٨:٥٣ ص [32m    LOG[39m [38;5;3m[RouterExplorer] [39m[32mMapped {/dashboard/products/:id/toggle-availability, PATCH} route[39m[38;5;3m +1ms[39m
[32m[Nest] 16996  - [39m٠٧‏/٠٧‏/٢٠٢٦، ١٢:٤٨:٥٣ ص [32m    LOG[39m [38;5;3m[RoutesResolver] [39m[32mPublicMenuController {/public/menus}:[39m[38;5;3m +0ms[39m
[32m[Nest] 16996  - [39m٠٧‏/٠٧‏/٢٠٢٦، ١٢:٤٨:٥٣ ص [32m    LOG[39m [38;5;3m[RouterExplorer] [39m[32mMapped {/public/menus/by-host/current, GET} route[39m[38;5;3m +1ms[39m
[32m[Nest] 16996  - [39m٠٧‏/٠٧‏/٢٠٢٦، ١٢:٤٨:٥٣ ص [32m    LOG[39m [38;5;3m[RouterExplorer] [39m[32mMapped {/public/menus/:restaurantSlug, GET} route[39m[38;5;3m +0ms[39m
[32m[Nest] 16996  - [39m٠٧‏/٠٧‏/٢٠٢٦، ١٢:٤٨:٥٣ ص [32m    LOG[39m [38;5;3m[RouterExplorer] [39m[32mMapped {/public/menus/:restaurantSlug/products, GET} route[39m[38;5;3m +1ms[39m
[32m[Nest] 16996  - [39m٠٧‏/٠٧‏/٢٠٢٦، ١٢:٤٨:٥٣ ص [32m    LOG[39m [38;5;3m[RouterExplorer] [39m[32mMapped {/public/menus/:restaurantSlug/theme, GET} route[39m[38;5;3m +0ms[39m
[32m[Nest] 16996  - [39m٠٧‏/٠٧‏/٢٠٢٦، ١٢:٤٨:٥٣ ص [32m    LOG[39m [38;5;3m[RouterExplorer] [39m[32mMapped {/public/menus/:restaurantSlug/track, POST} route[39m[38;5;3m +1ms[39m
[32m[Nest] 16996  - [39m٠٧‏/٠٧‏/٢٠٢٦، ١٢:٤٨:٥٣ ص [32m    LOG[39m [38;5;3m[RouterExplorer] [39m[32mMapped {/public/menus/:restaurantSlug/orders/whatsapp, POST} route[39m[38;5;3m +0ms[39m
[32m[Nest] 16996  - [39m٠٧‏/٠٧‏/٢٠٢٦، ١٢:٤٨:٥٣ ص [32m    LOG[39m [38;5;3m[RoutesResolver] [39m[32mQrController {/dashboard/qr}:[39m[38;5;3m +0ms[39m
[32m[Nest] 16996  - [39m٠٧‏/٠٧‏/٢٠٢٦، ١٢:٤٨:٥٣ ص [32m    LOG[39m [38;5;3m[RouterExplorer] [39m[32mMapped {/dashboard/qr, GET} route[39m[38;5;3m +1ms[39m
[32m[Nest] 16996  - [39m٠٧‏/٠٧‏/٢٠٢٦، ١٢:٤٨:٥٣ ص [32m    LOG[39m [38;5;3m[RouterExplorer] [39m[32mMapped {/dashboard/qr, POST} route[39m[38;5;3m +0ms[39m
[32m[Nest] 16996  - [39m٠٧‏/٠٧‏/٢٠٢٦، ١٢:٤٨:٥٣ ص [32m    LOG[39m [38;5;3m[RouterExplorer] [39m[32mMapped {/dashboard/qr/:id/svg, GET} route[39m[38;5;3m +0ms[39m
[32m[Nest] 16996  - [39m٠٧‏/٠٧‏/٢٠٢٦، ١٢:٤٨:٥٣ ص [32m    LOG[39m [38;5;3m[RoutesResolver] [39m[32mQrPublicController {/q}:[39m[38;5;3m +1ms[39m
[32m[Nest] 16996  - [39m٠٧‏/٠٧‏/٢٠٢٦، ١٢:٤٨:٥٣ ص [32m    LOG[39m [38;5;3m[RouterExplorer] [39m[32mMapped {/q/:id, GET} route[39m[38;5;3m +0ms[39m
[32m[Nest] 16996  - [39m٠٧‏/٠٧‏/٢٠٢٦، ١٢:٤٨:٥٣ ص [32m    LOG[39m [38;5;3m[RoutesResolver] [39m[32mSyncController {/dashboard/sync}:[39m[38;5;3m +0ms[39m
[32m[Nest] 16996  - [39m٠٧‏/٠٧‏/٢٠٢٦، ١٢:٤٨:٥٣ ص [32m    LOG[39m [38;5;3m[RouterExplorer] [39m[32mMapped {/dashboard/sync/jobs, GET} route[39m[38;5;3m +1ms[39m
[32m[Nest] 16996  - [39m٠٧‏/٠٧‏/٢٠٢٦، ١٢:٤٨:٥٣ ص [32m    LOG[39m [38;5;3m[RouterExplorer] [39m[32mMapped {/dashboard/sync/jobs, POST} route[39m[38;5;3m +0ms[39m
[32m[Nest] 16996  - [39m٠٧‏/٠٧‏/٢٠٢٦، ١٢:٤٨:٥٣ ص [32m    LOG[39m [38;5;3m[RouterExplorer] [39m[32mMapped {/dashboard/sync/jobs/:id/retry, POST} route[39m[38;5;3m +0ms[39m
[32m[Nest] 16996  - [39m٠٧‏/٠٧‏/٢٠٢٦، ١٢:٤٨:٥٣ ص [32m    LOG[39m [38;5;3m[RoutesResolver] [39m[32mOrdersController {/dashboard/orders}:[39m[38;5;3m +0ms[39m
[32m[Nest] 16996  - [39m٠٧‏/٠٧‏/٢٠٢٦، ١٢:٤٨:٥٣ ص [32m    LOG[39m [38;5;3m[RouterExplorer] [39m[32mMapped {/dashboard/orders, GET} route[39m[38;5;3m +1ms[39m
[32m[Nest] 16996  - [39m٠٧‏/٠٧‏/٢٠٢٦، ١٢:٤٨:٥٤ ص [32m    LOG[39m [38;5;3m[NestApplication] [39m[32mNest application successfully started[39m[38;5;3m +80ms[39m
